# JRE version: OpenJDK Runtime Environment Temurin-21.0.9+10 (21.0.9+10) (build 21.0.9+10-LTS)
# Java VM: OpenJDK 64-Bit Server VM Temurin-21.0.9+10 (21.0.9+10-LTS, mixed mode, sharing, tiered, compressed oops, compressed class ptrs, parallel gc, linux-amd64)
GC Precious Log:
 CardTable entry size: 512
 CPUs: 32 total, 16 available
 Memory: 15909M
 Large Page Support: Disabled
 NUMA Support: Disabled
 Compressed Oops: Enabled (32-bit)
 Alignments: Space 512K, Generation 512K, Heap 2M
 Heap Min Capacity: 100M
 Heap Initial Capacity: 100M
 Heap Max Capacity: 2G
 Pre-touch: Disabled
 Parallel Workers: 13
Heap:
 PSYoungGen      total 8704K, used 8012K [0x00000000d5580000, 0x00000000d6080000, 0x0000000100000000)
  eden space 6144K, 100% used [0x00000000d5580000,0x00000000d5b80000,0x00000000d5b80000)
  from space 2560K, 72% used [0x00000000d5e00000,0x00000000d5fd31d8,0x00000000d6080000)
  to   space 2560K, 30% used [0x00000000d5b80000,0x00000000d5c40000,0x00000000d5e00000)
 ParOldGen       total 763392K, used 763018K [0x0000000080000000, 0x00000000ae980000, 0x00000000d5580000)
  object space 763392K, 99% used [0x0000000080000000,0x00000000ae9228b0,0x00000000ae980000)
 Metaspace       used 101452K, committed 103168K, reserved 1179648K
  class space    used 9907K, committed 10688K, reserved 1048576K
GC Heap History (20 events):
Event: 26363,938 GC heap after
{Heap after GC invocations=10217 (full 10):
 PSYoungGen      total 2560K, used 1272K [0x00000000d5580000, 0x00000000d5b00000, 0x0000000100000000)
  eden space 1024K, 0% used [0x00000000d5580000,0x00000000d5580000,0x00000000d5680000)
  from space 1536K, 82% used [0x00000000d5680000,0x00000000d57be320,0x00000000d5800000)
  to   space 2048K, 0% used [0x00000000d5900000,0x00000000d5900000,0x00000000d5b00000)
 ParOldGen       total 738816K, used 738758K [0x0000000080000000, 0x00000000ad180000, 0x00000000d5580000)
  object space 738816K, 99% used [0x0000000080000000,0x00000000ad171938,0x00000000ad180000)
 Metaspace       used 101452K, committed 103168K, reserved 1179648K
  class space    used 9907K, committed 10688K, reserved 1048576K
}
Event: 26363,939 GC heap before
{Heap before GC invocations=10218 (full 10):
 PSYoungGen      total 2560K, used 2296K [0x00000000d5580000, 0x00000000d5b00000, 0x0000000100000000)
  eden space 1024K, 100% used [0x00000000d5580000,0x00000000d5680000,0x00000000d5680000)
  from space 1536K, 82% used [0x00000000d5680000,0x00000000d57be320,0x00000000d5800000)
  to   space 2048K, 0% used [0x00000000d5900000,0x00000000d5900000,0x00000000d5b00000)
 ParOldGen       total 738816K, used 738758K [0x0000000080000000, 0x00000000ad180000, 0x00000000d5580000)
  object space 738816K, 99% used [0x0000000080000000,0x00000000ad171938,0x00000000ad180000)
 Metaspace       used 101452K, committed 103168K, reserved 1179648K
  class space    used 9907K, committed 10688K, reserved 1048576K
}
Event: 26363,940 GC heap after
{Heap after GC invocations=10218 (full 10):
 PSYoungGen      total 3072K, used 1120K [0x00000000d5580000, 0x00000000d5a80000, 0x0000000100000000)
  eden space 1536K, 0% used [0x00000000d5580000,0x00000000d5580000,0x00000000d5700000)
  from space 1536K, 72% used [0x00000000d5900000,0x00000000d5a18000,0x00000000d5a80000)
  to   space 1536K, 0% used [0x00000000d5780000,0x00000000d5780000,0x00000000d5900000)
 ParOldGen       total 739840K, used 739807K [0x0000000080000000, 0x00000000ad280000, 0x00000000d5580000)
  object space 739840K, 99% used [0x0000000080000000,0x00000000ad277c58,0x00000000ad280000)
 Metaspace       used 101452K, committed 103168K, reserved 1179648K
  class space    used 9907K, committed 10688K, reserved 1048576K
}
Event: 26363,942 GC heap before
{Heap before GC invocations=10219 (full 10):
 PSYoungGen      total 3072K, used 2656K [0x00000000d5580000, 0x00000000d5a80000, 0x0000000100000000)
  eden space 1536K, 100% used [0x00000000d5580000,0x00000000d5700000,0x00000000d5700000)
  from space 1536K, 72% used [0x00000000d5900000,0x00000000d5a18000,0x00000000d5a80000)
  to   space 1536K, 0% used [0x00000000d5780000,0x00000000d5780000,0x00000000d5900000)
 ParOldGen       total 739840K, used 739807K [0x0000000080000000, 0x00000000ad280000, 0x00000000d5580000)
  object space 739840K, 99% used [0x0000000080000000,0x00000000ad277c58,0x00000000ad280000)
 Metaspace       used 101452K, committed 103168K, reserved 1179648K
  class space    used 9907K, committed 10688K, reserved 1048576K
}
Event: 26363,943 GC heap after
{Heap after GC invocations=10219 (full 10):
 PSYoungGen      total 3584K, used 1536K [0x00000000d5580000, 0x00000000d5d80000, 0x0000000100000000)
  eden space 2048K, 0% used [0x00000000d5580000,0x00000000d5580000,0x00000000d5780000)
  from space 1536K, 100% used [0x00000000d5780000,0x00000000d5900000,0x00000000d5900000)
  to   space 3072K, 0% used [0x00000000d5a80000,0x00000000d5a80000,0x00000000d5d80000)
 ParOldGen       total 741376K, used 740951K [0x0000000080000000, 0x00000000ad400000, 0x00000000d5580000)
  object space 741376K, 99% used [0x0000000080000000,0x00000000ad395c58,0x00000000ad400000)
 Metaspace       used 101452K, committed 103168K, reserved 1179648K
  class space    used 9907K, committed 10688K, reserved 1048576K
}
Event: 26363,944 GC heap before
{Heap before GC invocations=10220 (full 10):
 PSYoungGen      total 3584K, used 3584K [0x00000000d5580000, 0x00000000d5d80000, 0x0000000100000000)
  eden space 2048K, 100% used [0x00000000d5580000,0x00000000d5780000,0x00000000d5780000)
  from space 1536K, 100% used [0x00000000d5780000,0x00000000d5900000,0x00000000d5900000)
  to   space 3072K, 0% used [0x00000000d5a80000,0x00000000d5a80000,0x00000000d5d80000)
 ParOldGen       total 741376K, used 740951K [0x0000000080000000, 0x00000000ad400000, 0x00000000d5580000)
  object space 741376K, 99% used [0x0000000080000000,0x00000000ad395c58,0x00000000ad400000)
 Metaspace       used 101452K, committed 103168K, reserved 1179648K
  class space    used 9907K, committed 10688K, reserved 1048576K
}
Event: 26363,945 GC heap after
{Heap after GC invocations=10220 (full 10):
 PSYoungGen      total 5120K, used 2208K [0x00000000d5580000, 0x00000000d5d00000, 0x0000000100000000)
  eden space 2560K, 0% used [0x00000000d5580000,0x00000000d5580000,0x00000000d5800000)
  from space 2560K, 86% used [0x00000000d5a80000,0x00000000d5ca8000,0x00000000d5d00000)
  to   space 2560K, 0% used [0x00000000d5800000,0x00000000d5800000,0x00000000d5a80000)
 ParOldGen       total 742912K, used 742503K [0x0000000080000000, 0x00000000ad580000, 0x00000000d5580000)
  object space 742912K, 99% used [0x0000000080000000,0x00000000ad519c58,0x00000000ad580000)
 Metaspace       used 101452K, committed 103168K, reserved 1179648K
  class space    used 9907K, committed 10688K, reserved 1048576K
}
Event: 26363,949 GC heap before
{Heap before GC invocations=10221 (full 10):
 PSYoungGen      total 5120K, used 4729K [0x00000000d5580000, 0x00000000d5d00000, 0x0000000100000000)
  eden space 2560K, 98% used [0x00000000d5580000,0x00000000d57f6520,0x00000000d5800000)
  from space 2560K, 86% used [0x00000000d5a80000,0x00000000d5ca8000,0x00000000d5d00000)
  to   space 2560K, 0% used [0x00000000d5800000,0x00000000d5800000,0x00000000d5a80000)
 ParOldGen       total 742912K, used 742503K [0x0000000080000000, 0x00000000ad580000, 0x00000000d5580000)
  object space 742912K, 99% used [0x0000000080000000,0x00000000ad519c58,0x00000000ad580000)
 Metaspace       used 101452K, committed 103168K, reserved 1179648K
  class space    used 9907K, committed 10688K, reserved 1048576K
}
Event: 26363,950 GC heap after
{Heap after GC invocations=10221 (full 10):
 PSYoungGen      total 5120K, used 2544K [0x00000000d5580000, 0x00000000d5e80000, 0x0000000100000000)
  eden space 2560K, 0% used [0x00000000d5580000,0x00000000d5580000,0x00000000d5800000)
  from space 2560K, 99% used [0x00000000d5800000,0x00000000d5a7c000,0x00000000d5a80000)
  to   space 3072K, 0% used [0x00000000d5b80000,0x00000000d5b80000,0x00000000d5e80000)
 ParOldGen       total 744960K, used 744607K [0x0000000080000000, 0x00000000ad780000, 0x00000000d5580000)
  object space 744960K, 99% used [0x0000000080000000,0x00000000ad727c58,0x00000000ad780000)
 Metaspace       used 101452K, committed 103168K, reserved 1179648K
  class space    used 9907K, committed 10688K, reserved 1048576K
}
Event: 26363,965 GC heap before
{Heap before GC invocations=10222 (full 10):
 PSYoungGen      total 5120K, used 5104K [0x00000000d5580000, 0x00000000d5e80000, 0x0000000100000000)
  eden space 2560K, 100% used [0x00000000d5580000,0x00000000d5800000,0x00000000d5800000)
  from space 2560K, 99% used [0x00000000d5800000,0x00000000d5a7c000,0x00000000d5a80000)
  to   space 3072K, 0% used [0x00000000d5b80000,0x00000000d5b80000,0x00000000d5e80000)
 ParOldGen       total 744960K, used 744607K [0x0000000080000000, 0x00000000ad780000, 0x00000000d5580000)
  object space 744960K, 99% used [0x0000000080000000,0x00000000ad727c58,0x00000000ad780000)
 Metaspace       used 101452K, committed 103168K, reserved 1179648K
  class space    used 9907K, committed 10688K, reserved 1048576K
}
Event: 26363,966 GC heap after
{Heap after GC invocations=10222 (full 10):
 PSYoungGen      total 5120K, used 1856K [0x00000000d5580000, 0x00000000d5d80000, 0x0000000100000000)
  eden space 3072K, 0% used [0x00000000d5580000,0x00000000d5580000,0x00000000d5880000)
  from space 2048K, 90% used [0x00000000d5b80000,0x00000000d5d50000,0x00000000d5d80000)
  to   space 2560K, 0% used [0x00000000d5880000,0x00000000d5880000,0x00000000d5b00000)
 ParOldGen       total 747008K, used 746623K [0x0000000080000000, 0x00000000ad980000, 0x00000000d5580000)
  object space 747008K, 99% used [0x0000000080000000,0x00000000ad91fc58,0x00000000ad980000)
 Metaspace       used 101452K, committed 103168K, reserved 1179648K
  class space    used 9907K, committed 10688K, reserved 1048576K
}
Event: 26363,969 GC heap before
{Heap before GC invocations=10223 (full 10):
 PSYoungGen      total 5120K, used 4928K [0x00000000d5580000, 0x00000000d5d80000, 0x0000000100000000)
  eden space 3072K, 100% used [0x00000000d5580000,0x00000000d5880000,0x00000000d5880000)
  from space 2048K, 90% used [0x00000000d5b80000,0x00000000d5d50000,0x00000000d5d80000)
  to   space 2560K, 0% used [0x00000000d5880000,0x00000000d5880000,0x00000000d5b00000)
 ParOldGen       total 747008K, used 746623K [0x0000000080000000, 0x00000000ad980000, 0x00000000d5580000)
  object space 747008K, 99% used [0x0000000080000000,0x00000000ad91fc58,0x00000000ad980000)
 Metaspace       used 101452K, committed 103168K, reserved 1179648K
  class space    used 9907K, committed 10688K, reserved 1048576K
}
Event: 26363,970 GC heap after
{Heap after GC invocations=10223 (full 10):
 PSYoungGen      total 5632K, used 2558K [0x00000000d5580000, 0x00000000d6380000, 0x0000000100000000)
  eden space 3072K, 0% used [0x00000000d5580000,0x00000000d5580000,0x00000000d5880000)
  from space 2560K, 99% used [0x00000000d5880000,0x00000000d5aff908,0x00000000d5b00000)
  to   space 5120K, 0% used [0x00000000d5e80000,0x00000000d5e80000,0x00000000d6380000)
 ParOldGen       total 748544K, used 748353K [0x0000000080000000, 0x00000000adb00000, 0x00000000d5580000)
  object space 748544K, 99% used [0x0000000080000000,0x00000000adad0568,0x00000000adb00000)
 Metaspace       used 101452K, committed 103168K, reserved 1179648K
  class space    used 9907K, committed 10688K, reserved 1048576K
}
Event: 26363,972 GC heap before
{Heap before GC invocations=10224 (full 10):
 PSYoungGen      total 5632K, used 5630K [0x00000000d5580000, 0x00000000d6380000, 0x0000000100000000)
  eden space 3072K, 100% used [0x00000000d5580000,0x00000000d5880000,0x00000000d5880000)
  from space 2560K, 99% used [0x00000000d5880000,0x00000000d5aff908,0x00000000d5b00000)
  to   space 5120K, 0% used [0x00000000d5e80000,0x00000000d5e80000,0x00000000d6380000)
 ParOldGen       total 748544K, used 748353K [0x0000000080000000, 0x00000000adb00000, 0x00000000d5580000)
  object space 748544K, 99% used [0x0000000080000000,0x00000000adad0568,0x00000000adb00000)
 Metaspace       used 101452K, committed 103168K, reserved 1179648K
  class space    used 9907K, committed 10688K, reserved 1048576K
}
Event: 26363,974 GC heap after
{Heap after GC invocations=10224 (full 10):
 PSYoungGen      total 7168K, used 2873K [0x00000000d5580000, 0x00000000d6180000, 0x0000000100000000)
  eden space 4096K, 0% used [0x00000000d5580000,0x00000000d5580000,0x00000000d5980000)
  from space 3072K, 93% used [0x00000000d5e80000,0x00000000d614e498,0x00000000d6180000)
  to   space 3584K, 0% used [0x00000000d5a80000,0x00000000d5a80000,0x00000000d5e00000)
 ParOldGen       total 751104K, used 750767K [0x0000000080000000, 0x00000000add80000, 0x00000000d5580000)
  object space 751104K, 99% used [0x0000000080000000,0x00000000add2bea8,0x00000000add80000)
 Metaspace       used 101452K, committed 103168K, reserved 1179648K
  class space    used 9907K, committed 10688K, reserved 1048576K
}
Event: 26363,976 GC heap before
{Heap before GC invocations=10225 (full 10):
 PSYoungGen      total 7168K, used 6891K [0x00000000d5580000, 0x00000000d6180000, 0x0000000100000000)
  eden space 4096K, 98% used [0x00000000d5580000,0x00000000d596c7c8,0x00000000d5980000)
  from space 3072K, 93% used [0x00000000d5e80000,0x00000000d614e498,0x00000000d6180000)
  to   space 3584K, 0% used [0x00000000d5a80000,0x00000000d5a80000,0x00000000d5e00000)
 ParOldGen       total 751104K, used 750767K [0x0000000080000000, 0x00000000add80000, 0x00000000d5580000)
  object space 751104K, 99% used [0x0000000080000000,0x00000000add2bea8,0x00000000add80000)
 Metaspace       used 101452K, committed 103168K, reserved 1179648K
  class space    used 9907K, committed 10688K, reserved 1048576K
}
Event: 26363,978 GC heap after
{Heap after GC invocations=10225 (full 10):
 PSYoungGen      total 8704K, used 3362K [0x00000000d5580000, 0x00000000d6180000, 0x0000000100000000)
  eden space 5120K, 0% used [0x00000000d5580000,0x00000000d5580000,0x00000000d5a80000)
  from space 3584K, 93% used [0x00000000d5a80000,0x00000000d5dc8830,0x00000000d5e00000)
  to   space 3584K, 0% used [0x00000000d5e00000,0x00000000d5e00000,0x00000000d6180000)
 ParOldGen       total 753664K, used 753474K [0x0000000080000000, 0x00000000ae000000, 0x00000000d5580000)
  object space 753664K, 99% used [0x0000000080000000,0x00000000adfd0808,0x00000000ae000000)
 Metaspace       used 101452K, committed 103168K, reserved 1179648K
  class space    used 9907K, committed 10688K, reserved 1048576K
}
Event: 26363,983 GC heap before
{Heap before GC invocations=10226 (full 10):
 PSYoungGen      total 8704K, used 8482K [0x00000000d5580000, 0x00000000d6180000, 0x0000000100000000)
  eden space 5120K, 100% used [0x00000000d5580000,0x00000000d5a80000,0x00000000d5a80000)
  from space 3584K, 93% used [0x00000000d5a80000,0x00000000d5dc8830,0x00000000d5e00000)
  to   space 3584K, 0% used [0x00000000d5e00000,0x00000000d5e00000,0x00000000d6180000)
 ParOldGen       total 753664K, used 753474K [0x0000000080000000, 0x00000000ae000000, 0x00000000d5580000)
  object space 753664K, 99% used [0x0000000080000000,0x00000000adfd0808,0x00000000ae000000)
 Metaspace       used 101452K, committed 103168K, reserved 1179648K
  class space    used 9907K, committed 10688K, reserved 1048576K
}
Event: 26363,985 GC heap after
{Heap after GC invocations=10226 (full 10):
 PSYoungGen      total 8704K, used 1868K [0x00000000d5580000, 0x00000000d6080000, 0x0000000100000000)
  eden space 6144K, 0% used [0x00000000d5580000,0x00000000d5580000,0x00000000d5b80000)
  from space 2560K, 72% used [0x00000000d5e00000,0x00000000d5fd31d8,0x00000000d6080000)
  to   space 2560K, 0% used [0x00000000d5b80000,0x00000000d5b80000,0x00000000d5e00000)
 ParOldGen       total 756736K, used 756671K [0x0000000080000000, 0x00000000ae300000, 0x00000000d5580000)
  object space 756736K, 99% used [0x0000000080000000,0x00000000ae2effe0,0x00000000ae300000)
 Metaspace       used 101452K, committed 103168K, reserved 1179648K
  class space    used 9907K, committed 10688K, reserved 1048576K
}
Event: 26363,991 GC heap before
{Heap before GC invocations=10227 (full 10):
 PSYoungGen      total 8704K, used 8012K [0x00000000d5580000, 0x00000000d6080000, 0x0000000100000000)
  eden space 6144K, 100% used [0x00000000d5580000,0x00000000d5b80000,0x00000000d5b80000)
  from space 2560K, 72% used [0x00000000d5e00000,0x00000000d5fd31d8,0x00000000d6080000)
  to   space 2560K, 0% used [0x00000000d5b80000,0x00000000d5b80000,0x00000000d5e00000)
 ParOldGen       total 756736K, used 756671K [0x0000000080000000, 0x00000000ae300000, 0x00000000d5580000)
  object space 756736K, 99% used [0x0000000080000000,0x00000000ae2effe0,0x00000000ae300000)
 Metaspace       used 101452K, committed 103168K, reserved 1179648K
  class space    used 9907K, committed 10688K, reserved 1048576K
}

